<?xml version="1.0" encoding="UTF-8"?>
<testsuite xmlns:xsi="http://www.w3.org/2001/XMLSchema-instance" xsi:noNamespaceSchemaLocation="https://maven.apache.org/surefire/maven-surefire-plugin/xsd/surefire-test-report.xsd" name="TestSuite" time="13.718" tests="4" errors="0" skipped="0" failures="1">
  <properties>
[...]
</properties>
  <testcase name="basicTest" classname="basic.BasicTest" time="0.005"/>
  <testcase name="sumNegative" classname="sum.SumTest" time="0.012">
    <failure message="Expected sum: 3, got: 2 expected [3] but found [2]" type="java.lang.AssertionError">java.lang.AssertionError: Expected sum: 3, got: 2 expected [3] but found [2]
	at sum.SumTest.sumNegative(SumTest.java:24)
</failure>
  </testcase>
  <testcase name="sumPositive" classname="sum.SumTest" time="0"/>
  <testcase name="googleSearchTest" classname="google.search.BasicGoogleSearchTest" time="2.316"/>
</testsuite>