-------------------------------------------------------------------------------
Test set: TestSuite
-------------------------------------------------------------------------------
Tests run: 4, Failures: 1, Errors: 0, Skipped: 0, Time elapsed: 13.718 s <<< FAILURE! - in TestSuite
sumNegative(sum.SumTest)  Time elapsed: 0.012 s  <<< FAILURE!
java.lang.AssertionError: Expected sum: 3, got: 2 expected [3] but found [2]
	at sum.SumTest.sumNegative(SumTest.java:24)

